<?xml version="1.0" encoding="UTF-8"?>
<!-- Generated by org.testng.reporters.JUnitReportReporter -->
<testsuite hostname="DESKTOP-B9P52KS" failures="0" tests="1" name="Tests.TemplatePreviewTest" time="64.369" errors="0" timestamp="2020-05-31T17:27:57 EEST" skipped="0">
  <testcase classname="Tests.TemplatePreviewTest" name="templatesPreviewTest" time="64.369"/>
</testsuite> <!-- Tests.TemplatePreviewTest -->
